<?xml version="1.0" encoding="UTF-8"?>
<testsuite xmlns:xsi="http://www.w3.org/2001/XMLSchema-instance" xsi:noNamespaceSchemaLocation="https://maven.apache.org/surefire/maven-surefire-plugin/xsd/surefire-test-report-3.0.xsd" version="3.0" name="com.example.fakestore.FakeStoreApiTest" time="0.912" tests="1" errors="0" skipped="0" failures="0">
  <properties>
[...]
</properties>
  <testcase name="testFakeStoreApiData" classname="com.example.fakestore.FakeStoreApiTest" time="0.5">
    <system-out><![CDATA[Defective products:
{
  "image": "https://fakestoreapi.com/img/71-3HjGNDUL._AC_SY879._SX._UX._SY._UY_.jpg",
  "price": 22.3,
  "defectReason": "Negative or missing price. ",
  "rating": {
    "rate": 4.1,
    "count": 259
  },
  "description": "Slim-fitting style, contrast raglan long sleeve, three-button henley placket, light weight & soft fabric for breathable and comfortable wearing. And Solid stitched shirts with round neck made for durability and a great fit for casual fashion wear and diehard baseball fans. The Henley style round neckline includes a three-button placket.",
  "id": 2,
  "title": "Mens Casual Premium Slim Fit T-Shirts ",
  "category": "men's clothing"
}
{
  "image": "https://fakestoreapi.com/img/71YXzeOuslL._AC_UY879_.jpg",
  "price": 15.99,
  "defectReason": "Negative or missing price. ",
  "rating": {
    "rate": 2.1,
    "count": 430
  },
  "description": "The color could be slightly different between on the screen and in practice. / Please note that body builds vary by person, therefore, detailed size information should be reviewed below on the product description.",
  "id": 4,
  "title": "Mens Casual Slim Fit",
  "category": "men's clothing"
}
{
  "image": "https://fakestoreapi.com/img/71YAIFU48IL._AC_UL640_QL65_ML3_.jpg",
  "price": 9.99,
  "defectReason": "Negative or missing price. ",
  "rating": {
    "rate": 3,
    "count": 400
  },
  "description": "Classic Created Wedding Engagement Solitaire Diamond Promise Ring for Her. Gifts to spoil your love more for Engagement, Wedding, Anniversary, Valentine's Day...",
  "id": 7,
  "title": "White Gold Plated Princess",
  "category": "jewelery"
}
{
  "image": "https://fakestoreapi.com/img/51UDEzMJVpL._AC_UL640_QL65_ML3_.jpg",
  "price": 10.99,
  "defectReason": "Negative or missing price. ",
  "rating": {
    "rate": 1.9,
    "count": 100
  },
  "description": "Rose Gold Plated Double Flared Tunnel Plug Earrings. Made of 316L Stainless Steel",
  "id": 8,
  "title": "Pierced Owl Rose Gold Plated Stainless Steel Double",
  "category": "jewelery"
}
{
  "image": "https://fakestoreapi.com/img/81XH0e8fefL._AC_UY879_.jpg",
  "price": 29.95,
  "defectReason": "Negative or missing price. ",
  "rating": {
    "rate": 2.9,
    "count": 340
  },
  "description": "100% POLYURETHANE(shell) 100% POLYESTER(lining) 75% POLYESTER 25% COTTON (SWEATER), Faux leather material for style and comfort / 2 pockets of front, 2-For-One Hooded denim style faux leather jacket, Button detail on waist / Detail stitching at sides, HAND WASH ONLY / DO NOT BLEACH / LINE DRY / DO NOT IRON",
  "id": 16,
  "title": "Lock and Love Women's Removable Hooded Faux Leather Moto Biker Jacket",
  "category": "women's clothing"
}
{
  "image": "https://fakestoreapi.com/img/71HblAHs5xL._AC_UY879_-2.jpg",
  "price": 39.99,
  "defectReason": "Negative or missing price. ",
  "rating": {
    "rate": 3.8,
    "count": 679
  },
  "description": "Lightweight perfet for trip or casual wear---Long sleeve with hooded, adjustable drawstring waist design. Button and zipper front closure raincoat, fully stripes Lined and The Raincoat has 2 side pockets are a good size to hold all kinds of things, it covers the hips, and the hood is generous but doesn't overdo it.Attached Cotton Lined Hood with Adjustable Drawstrings give it a real styled look.",
  "id": 17,
  "title": "Rain Jacket Women Windbreaker Striped Climbing Raincoats",
  "category": "women's clothing"
}
{
  "image": "https://fakestoreapi.com/img/71z3kpMAYsL._AC_UY879_.jpg",
  "price": 9.85,
  "defectReason": "Negative or missing price. ",
  "rating": {
    "rate": 4.7,
    "count": 130
  },
  "description": "95% RAYON 5% SPANDEX, Made in USA or Imported, Do Not Bleach, Lightweight fabric with great stretch for comfort, Ribbed on sleeves and neckline / Double stitching on bottom hem",
  "id": 18,
  "title": "MBJ Women's Solid Short Sleeve Boat Neck V ",
  "category": "women's clothing"
}
{
  "image": "https://fakestoreapi.com/img/51eg55uWmdL._AC_UX679_.jpg",
  "price": 7.95,
  "defectReason": "Negative or missing price. ",
  "rating": {
    "rate": 4.5,
    "count": 146
  },
  "description": "100% Polyester, Machine wash, 100% cationic polyester interlock, Machine Wash & Pre Shrunk for a Great Fit, Lightweight, roomy and highly breathable with moisture wicking fabric which helps to keep moisture away, Soft Lightweight Fabric with comfortable V-neck collar and a slimmer fit, delivers a sleek, more feminine silhouette and Added Comfort",
  "id": 19,
  "title": "Opna Women's Short Sleeve Moisture",
  "category": "women's clothing"
}
{
  "image": "https://fakestoreapi.com/img/61pHAEJ4NML._AC_UX679_.jpg",
  "price": 12.99,
  "defectReason": "Negative or missing price. ",
  "rating": {
    "rate": 3.6,
    "count": 145
  },
  "description": "95%Cotton,5%Spandex, Features: Casual, Short Sleeve, Letter Print,V-Neck,Fashion Tees, The fabric is soft and has some stretch., Occasion: Casual/Office/Beach/School/Home/Street. Season: Spring,Summer,Autumn,Winter.",
  "id": 20,
  "title": "DANVOUY Womens T Shirt Casual Cotton Short",
  "category": "women's clothing"
}
]]></system-out>
  </testcase>
</testsuite>